

times in msec
 clock   self+sourced   self:  sourced script
 clock   elapsed:              other lines

000.011  000.011: --- NVIM STARTING ---
000.557  000.546: locale set
000.880  000.323: inits 1
000.900  000.020: window checked
004.306  003.406: parsing arguments
004.645  000.340: expanding arguments
004.674  000.029: inits 2
005.154  000.479: init highlight
005.156  000.002: waiting for UI
006.856  001.701: done waiting for UI
006.959  000.103: init screen for UI
006.986  000.027: init default mappings
007.130  000.144: init default autocommands
010.027  001.782  001.782: sourcing /home/enochchau/.local/share/nvim/site/autoload/plug.vim
030.279  000.022  000.022: sourcing /home/enochchau/.config/plugged/LuaSnip/ftdetect/snippets.vim
030.596  000.022  000.022: sourcing /home/enochchau/.config/plugged/nvim-treesitter/ftdetect/cooklang.vim
030.641  000.019  000.019: sourcing /home/enochchau/.config/plugged/nvim-treesitter/ftdetect/fusion.vim
030.683  000.021  000.021: sourcing /home/enochchau/.config/plugged/nvim-treesitter/ftdetect/gdresource.vim
030.724  000.022  000.022: sourcing /home/enochchau/.config/plugged/nvim-treesitter/ftdetect/gdscript.vim
030.760  000.015  000.015: sourcing /home/enochchau/.config/plugged/nvim-treesitter/ftdetect/glimmer.vim
030.801  000.019  000.019: sourcing /home/enochchau/.config/plugged/nvim-treesitter/ftdetect/glsl.vim
030.839  000.018  000.018: sourcing /home/enochchau/.config/plugged/nvim-treesitter/ftdetect/gowork.vim
030.886  000.025  000.025: sourcing /home/enochchau/.config/plugged/nvim-treesitter/ftdetect/graphql.vim
030.931  000.022  000.022: sourcing /home/enochchau/.config/plugged/nvim-treesitter/ftdetect/hack.vim
030.979  000.026  000.026: sourcing /home/enochchau/.config/plugged/nvim-treesitter/ftdetect/hcl.vim
031.017  000.015  000.015: sourcing /home/enochchau/.config/plugged/nvim-treesitter/ftdetect/heex.vim
031.057  000.018  000.018: sourcing /home/enochchau/.config/plugged/nvim-treesitter/ftdetect/hjson.vim
031.098  000.016  000.016: sourcing /home/enochchau/.config/plugged/nvim-treesitter/ftdetect/json5.vim
031.147  000.023  000.023: sourcing /home/enochchau/.config/plugged/nvim-treesitter/ftdetect/ledger.vim
031.188  000.019  000.019: sourcing /home/enochchau/.config/plugged/nvim-treesitter/ftdetect/nix.vim
031.225  000.015  000.015: sourcing /home/enochchau/.config/plugged/nvim-treesitter/ftdetect/prisma.vim
031.277  000.029  000.029: sourcing /home/enochchau/.config/plugged/nvim-treesitter/ftdetect/pug.vim
031.317  000.017  000.017: sourcing /home/enochchau/.config/plugged/nvim-treesitter/ftdetect/ql.vim
031.374  000.034  000.034: sourcing /home/enochchau/.config/plugged/nvim-treesitter/ftdetect/query.vim
031.439  000.044  000.044: sourcing /home/enochchau/.config/plugged/nvim-treesitter/ftdetect/surface.vim
031.482  000.016  000.016: sourcing /home/enochchau/.config/plugged/nvim-treesitter/ftdetect/teal.vim
031.520  000.016  000.016: sourcing /home/enochchau/.config/plugged/nvim-treesitter/ftdetect/tlaplus.vim
031.561  000.018  000.018: sourcing /home/enochchau/.config/plugged/nvim-treesitter/ftdetect/yang.vim
031.657  000.018  000.018: sourcing /home/enochchau/.config/plugged/vim-prisma/ftdetect/prisma.vim
031.900  000.186  000.186: sourcing /home/enochchau/.config/plugged/vim-terraform/ftdetect/hcl.vim
031.973  000.024  000.024: sourcing /home/enochchau/.config/plugged/zig.vim/ftdetect/zig.vim
032.201  000.179  000.179: sourcing /home/enochchau/.config/plugged/ansible-vim/ftdetect/ansible.vim
032.744  010.621  009.700: sourcing /usr/share/nvim/runtime/filetype.vim
032.981  000.044  000.044: sourcing /usr/share/nvim/runtime/ftplugin.vim
033.199  000.037  000.037: sourcing /usr/share/nvim/runtime/indent.vim
033.584  000.107  000.107: sourcing /usr/share/nvim/runtime/syntax/synload.vim
033.687  000.419  000.313: sourcing /usr/share/nvim/runtime/syntax/syntax.vim
039.837  000.458  000.458: sourcing /usr/share/nvim/runtime/syntax/nosyntax.vim
040.158  000.111  000.111: sourcing /usr/share/nvim/runtime/syntax/synload.vim
040.254  000.929  000.360: sourcing /usr/share/nvim/runtime/syntax/syntax.vim
040.504  000.020  000.020: sourcing /usr/share/nvim/runtime/filetype.vim
040.710  000.013  000.013: sourcing /usr/share/nvim/runtime/ftplugin.vim
040.905  000.013  000.013: sourcing /usr/share/nvim/runtime/indent.vim
041.296  002.073  001.098: sourcing /home/enochchau/.config/nvim/settings.vim
051.991  010.382  010.382: sourcing /home/enochchau/.config/plugged/gruvbox/colors/gruvbox.vim
052.012  010.687  000.304: sourcing /home/enochchau/.config/nvim/theme.vim
052.251  000.199  000.199: sourcing /home/enochchau/.config/nvim/format.vim
052.326  000.046  000.046: sourcing /home/enochchau/.config/nvim/rzip.vim
096.645  089.309  063.400: sourcing /home/enochchau/.config/nvim/init.vim
096.663  000.224: sourcing vimrc file(s)
097.299  000.289  000.289: sourcing /home/enochchau/.config/plugged/vim-obsession/plugin/obsession.vim
097.880  000.422  000.422: sourcing /home/enochchau/.config/plugged/vim-surround/plugin/surround.vim
098.594  000.584  000.584: sourcing /home/enochchau/.config/plugged/vim-sleuth/plugin/sleuth.vim
098.860  000.172  000.172: sourcing /home/enochchau/.config/plugged/vim-commentary/plugin/commentary.vim
099.470  000.522  000.522: sourcing /home/enochchau/.config/plugged/editorconfig-vim/plugin/editorconfig.vim
099.805  000.194  000.194: sourcing /home/enochchau/.config/plugged/nvim-lspconfig/plugin/lspconfig.vim
100.037  000.119  000.119: sourcing /home/enochchau/.config/plugged/nvim-lsp-installer/plugin/nvim-lsp-installer.vim
100.513  000.279  000.279: sourcing /home/enochchau/.config/plugged/LuaSnip/plugin/luasnip.vim
100.651  000.040  000.040: sourcing /home/enochchau/.config/plugged/plenary.nvim/plugin/plenary.vim
100.909  000.179  000.179: sourcing /home/enochchau/.config/plugged/telescope.nvim/plugin/telescope.vim
101.751  000.748  000.748: sourcing /home/enochchau/.config/plugged/nvim-treesitter/plugin/nvim-treesitter.vim
102.043  000.181  000.181: sourcing /home/enochchau/.config/plugged/nvim-ts-autotag/plugin/nvim-ts-autotag.vim
102.208  000.074  000.074: sourcing /home/enochchau/.config/plugged/nvim-ts-context-commentstring/plugin/ts_context_commentstring.vim
102.424  000.120  000.120: sourcing /home/enochchau/.config/plugged/zig.vim/plugin/zig.vim
102.879  000.353  000.353: sourcing /home/enochchau/.config/plugged/indent-blankline.nvim/plugin/indent_blankline.vim
103.052  000.062  000.062: sourcing /home/enochchau/.config/plugged/toggleterm.nvim/plugin/toggleterm.vim
103.183  000.051  000.051: sourcing /home/enochchau/.config/plugged/nvim-web-devicons/plugin/nvim-web-devicons.vim
103.777  000.266  000.266: sourcing /usr/share/nvim/runtime/plugin/gzip.vim
103.820  000.017  000.017: sourcing /usr/share/nvim/runtime/plugin/health.vim
103.948  000.105  000.105: sourcing /usr/share/nvim/runtime/plugin/man.vim
104.964  000.251  000.251: sourcing /usr/share/nvim/runtime/pack/dist/opt/matchit/plugin/matchit.vim
105.077  001.106  000.855: sourcing /usr/share/nvim/runtime/plugin/matchit.vim
105.279  000.180  000.180: sourcing /usr/share/nvim/runtime/plugin/matchparen.vim
105.841  000.539  000.539: sourcing /usr/share/nvim/runtime/plugin/netrwPlugin.vim
106.076  000.194  000.194: sourcing /usr/share/nvim/runtime/plugin/rplugin.vim
106.249  000.140  000.140: sourcing /usr/share/nvim/runtime/plugin/shada.vim
106.337  000.038  000.038: sourcing /usr/share/nvim/runtime/plugin/spellfile.vim
106.600  000.229  000.229: sourcing /usr/share/nvim/runtime/plugin/tarPlugin.vim
106.746  000.108  000.108: sourcing /usr/share/nvim/runtime/plugin/tohtml.vim
106.807  000.028  000.028: sourcing /usr/share/nvim/runtime/plugin/tutor.vim
107.080  000.243  000.243: sourcing /usr/share/nvim/runtime/plugin/zipPlugin.vim
108.694  001.113  001.113: sourcing /home/enochchau/.config/plugged/nvim-cmp/plugin/cmp.lua
109.446  004.089: loading rtp plugins
109.559  000.114: loading packages
110.675  000.189  000.189: sourcing /home/enochchau/.config/plugged/cmp-buffer/after/plugin/cmp_buffer.lua
110.867  000.096  000.096: sourcing /home/enochchau/.config/plugged/cmp-nvim-lsp/after/plugin/cmp_nvim_lsp.lua
111.142  000.138  000.138: sourcing /home/enochchau/.config/plugged/cmp-path/after/plugin/cmp_path.lua
111.374  000.115  000.115: sourcing /home/enochchau/.config/plugged/cmp-cmdline/after/plugin/cmp_cmdline.lua
111.599  000.113  000.113: sourcing /home/enochchau/.config/plugged/cmp-spell/after/plugin/cmp-spell.lua
111.921  000.237  000.237: sourcing /home/enochchau/.config/plugged/cmp-treesitter/after/plugin/cmp_treesitter.lua
112.169  000.163  000.163: sourcing /home/enochchau/.config/plugged/cmp_luasnip/after/plugin/cmp_luasnip.lua
112.191  001.580: loading after plugins
112.210  000.019: inits 3
114.464  002.254: reading ShaDa
115.045  000.581: opening buffers
115.258  000.212: BufEnter autocommands
115.262  000.005: editing files in windows
125.963  010.700: VimEnter autocommands
125.975  000.013: UIEnter autocommands
126.495  000.293  000.293: sourcing /usr/share/nvim/runtime/autoload/provider/clipboard.vim
126.508  000.241: before starting main loop
130.618  004.109: first screen update
130.625  000.006: --- NVIM STARTED ---
